<?xml version="1.0" encoding="UTF-8"?>
<testng-results skipped="0" failed="0" ignored="0" total="2" passed="2">
  <reporter-output>
  </reporter-output>
  <suite name="Default suite" duration-ms="1842" started-at="2019-04-08T15:28:36Z" finished-at="2019-04-08T15:28:38Z">
    <groups>
    </groups>
    <test name="Default test" duration-ms="1842" started-at="2019-04-08T15:28:36Z" finished-at="2019-04-08T15:28:38Z">
      <class name="TestFramework.GetNasaSearch">
        <test-method status="PASS" signature="getData()[pri:0, instance:TestFramework.GetNasaSearch@4218d6a3]" name="getData" is-config="true" duration-ms="290" started-at="2019-04-08T15:28:36Z" finished-at="2019-04-08T15:28:36Z">
          <reporter-output>
          </reporter-output>
        </test-method> <!-- getData -->
        <test-method status="PASS" signature="GetAsset()[pri:0, instance:TestFramework.GetNasaSearch@4218d6a3]" name="GetAsset" duration-ms="1325" started-at="2019-04-08T15:28:36Z" finished-at="2019-04-08T15:28:38Z">
          <reporter-output>
          </reporter-output>
        </test-method> <!-- GetAsset -->
        <test-method status="PASS" signature="GetSearch()[pri:0, instance:TestFramework.GetNasaSearch@4218d6a3]" name="GetSearch" duration-ms="212" started-at="2019-04-08T15:28:38Z" finished-at="2019-04-08T15:28:38Z">
          <reporter-output>
          </reporter-output>
        </test-method> <!-- GetSearch -->
      </class> <!-- TestFramework.GetNasaSearch -->
    </test> <!-- Default test -->
  </suite> <!-- Default suite -->
</testng-results>
